Mar-29 09:09:34.107 [main] DEBUG nextflow.cli.Launcher - $> nextflow main.nf
Mar-29 09:09:34.237 [main] DEBUG nextflow.cli.CmdRun - N E X T F L O W  ~  version 25.10.4
Mar-29 09:09:34.289 [main] DEBUG nextflow.plugin.PluginsFacade - Setting up plugin manager > mode=prod; embedded=false; plugins-dir=/data/classes/csic_bioinf01/users/bcbinf_torresm/.nextflow/plugins; core-plugins: nf-amazon@3.4.4,nf-azure@1.20.2,nf-cloudcache@0.5.0,nf-codecommit@0.5.0,nf-console@1.3.0,nf-google@1.23.5,nf-k8s@1.2.2,nf-tower@1.17.5,nf-wave@1.16.1
Mar-29 09:09:34.338 [main] INFO  o.pf4j.DefaultPluginStatusProvider - Enabled plugins: []
Mar-29 09:09:34.339 [main] INFO  o.pf4j.DefaultPluginStatusProvider - Disabled plugins: []
Mar-29 09:09:34.343 [main] INFO  org.pf4j.DefaultPluginManager - PF4J version 3.12.0 in 'deployment' mode
Mar-29 09:09:34.366 [main] DEBUG nextflow.util.RetryConfig - Missing nextflow session - using default retry config
Mar-29 09:09:34.591 [main] INFO  org.pf4j.AbstractPluginManager - No plugins
Mar-29 09:09:34.667 [main] DEBUG nextflow.plugin.PluginsFacade - Plugins default=[]
Mar-29 09:09:34.667 [main] DEBUG nextflow.plugin.PluginsFacade - Plugins resolved requirement=[]
Mar-29 09:09:34.686 [main] DEBUG n.secret.LocalSecretsProvider - Secrets store: /data/classes/csic_bioinf01/users/bcbinf_torresm/.nextflow/secrets/store.json
Mar-29 09:09:34.698 [main] DEBUG nextflow.secret.SecretsLoader - Discovered secrets providers: [nextflow.secret.LocalSecretsProvider@627d8516] - activable => nextflow.secret.LocalSecretsProvider@627d8516
Mar-29 09:09:34.711 [main] DEBUG nextflow.cli.CmdRun - Applied DSL=2 by global default
Mar-29 09:09:34.727 [main] DEBUG nextflow.cli.CmdRun - Launching `main.nf` [crazy_crick] DSL2 - revision: 7ff04ac64b
Mar-29 09:09:34.788 [main] DEBUG nextflow.Session - Session UUID: 365b92ff-556e-4d7f-b24e-ea493e4baaa4
Mar-29 09:09:34.789 [main] DEBUG nextflow.Session - Run name: crazy_crick
Mar-29 09:09:34.789 [main] DEBUG nextflow.Session - Executor pool size: 256
Mar-29 09:09:34.799 [main] DEBUG nextflow.file.FilePorter - File porter settings maxRetries=3; maxTransfers=50; pollTimeout=null
Mar-29 09:09:34.806 [main] DEBUG nextflow.util.ThreadPoolBuilder - Creating thread pool 'FileTransfer' minSize=10; maxSize=768; workQueue=LinkedBlockingQueue[-1]; allowCoreThreadTimeout=false
Mar-29 09:09:34.852 [main] DEBUG nextflow.cli.CmdRun - 
  Version: 25.10.4 build 11173
  Created: 10-02-2026 15:17 UTC 
  System: Linux 5.15.0-170-generic
  Runtime: Groovy 4.0.28 on OpenJDK 64-Bit Server VM 21.0.6+9-b895.97
  Encoding: UTF-8 (UTF-8)
  Process: 2569785@salvia [127.0.1.1]
  CPUs: 256 - Mem: 503.7 GB (185.7 GB) - Swap: 8 GB (7.2 GB)
Mar-29 09:09:34.893 [main] DEBUG nextflow.Session - Work-dir: /data/classes/csic_bioinf01/users/bcbinf_torresm/main_py/proyecto-sam/work [ext2/ext3]
Mar-29 09:09:34.894 [main] DEBUG nextflow.Session - Script base path does not exist or is not a directory: /data/classes/csic_bioinf01/users/bcbinf_torresm/main_py/proyecto-sam/bin
Mar-29 09:09:34.909 [main] DEBUG nextflow.executor.ExecutorFactory - Extension executors providers=[]
Mar-29 09:09:34.923 [main] DEBUG nextflow.Session - Observer factory (v2): LinObserverFactory
Mar-29 09:09:34.927 [main] DEBUG nextflow.Session - Observer factory (v2): DefaultObserverFactory
Mar-29 09:09:34.988 [main] DEBUG nextflow.cache.CacheFactory - Using Nextflow cache factory: nextflow.cache.DefaultCacheFactory
Mar-29 09:09:35.002 [main] DEBUG nextflow.util.CustomThreadPool - Creating default thread pool > poolSize: 257; maxThreads: 1000
Mar-29 09:09:35.144 [main] DEBUG nextflow.Session - Session start
Mar-29 09:09:35.855 [main] DEBUG nextflow.script.ScriptRunner - > Launching execution
Mar-29 09:09:36.007 [main] DEBUG nextflow.executor.ExecutorFactory - << taskConfig executor: null
Mar-29 09:09:36.008 [main] DEBUG nextflow.executor.ExecutorFactory - >> processorType: 'local'
Mar-29 09:09:36.023 [main] DEBUG nextflow.executor.Executor - [warm up] executor > local
Mar-29 09:09:36.035 [main] DEBUG n.processor.LocalPollingMonitor - Creating local task monitor for executor 'local' > cpus=256; memory=503.7 GB; capacity=256; pollInterval=100ms; dumpInterval=5m
Mar-29 09:09:36.039 [main] DEBUG n.processor.TaskPollingMonitor - >>> barrier register (monitor: local)
Mar-29 09:09:36.098 [main] DEBUG nextflow.processor.TaskProcessor - Creating process 'analyze_sam': maxForks=0; fair=false; array=0
Mar-29 09:09:36.180 [main] DEBUG nextflow.Session - Workflow process names [dsl2]: analyze_sam
Mar-29 09:09:36.183 [main] DEBUG nextflow.Session - Igniting dataflow network (1)
Mar-29 09:09:36.184 [main] DEBUG nextflow.processor.TaskProcessor - Starting process > analyze_sam
Mar-29 09:09:36.185 [main] DEBUG nextflow.script.ScriptRunner - Parsed script files:
  Script_61c58b365a0fa5ba: /data/classes/csic_bioinf01/users/bcbinf_torresm/main_py/proyecto-sam/main.nf
Mar-29 09:09:36.185 [main] DEBUG nextflow.script.ScriptRunner - > Awaiting termination 
Mar-29 09:09:36.186 [main] DEBUG nextflow.Session - Session await
Mar-29 09:09:36.489 [Task submitter] DEBUG n.executor.local.LocalTaskHandler - Launch cmd line: /bin/bash -ue .command.run
Mar-29 09:09:36.493 [Task submitter] INFO  nextflow.Session - [83/6be78e] Submitted process > analyze_sam
Mar-29 09:10:06.005 [Task monitor] DEBUG n.processor.TaskPollingMonitor - Task completed > TaskHandler[id: 1; name: analyze_sam; status: COMPLETED; exit: 0; error: -; workDir: /data/classes/csic_bioinf01/users/bcbinf_torresm/main_py/proyecto-sam/work/83/6be78ebc0da824f671a7f5a68ff035]
Mar-29 09:10:06.007 [Task monitor] DEBUG nextflow.util.ThreadPoolBuilder - Creating thread pool 'TaskFinalizer' minSize=10; maxSize=768; workQueue=LinkedBlockingQueue[-1]; allowCoreThreadTimeout=false
Mar-29 09:10:06.051 [TaskFinalizer-1] DEBUG nextflow.util.ThreadPoolBuilder - Creating thread pool 'PublishDir' minSize=10; maxSize=768; workQueue=LinkedBlockingQueue[-1]; allowCoreThreadTimeout=false
Mar-29 09:10:06.061 [main] DEBUG nextflow.Session - Session await > all processes finished
Mar-29 09:10:06.101 [Task monitor] DEBUG n.processor.TaskPollingMonitor - <<< barrier arrives (monitor: local) - terminating tasks monitor poll loop
Mar-29 09:10:06.102 [main] DEBUG nextflow.Session - Session await > all barriers passed
Mar-29 09:10:06.105 [main] DEBUG nextflow.util.ThreadPoolManager - Thread pool 'TaskFinalizer' shutdown completed (hard=false)
Mar-29 09:10:06.106 [main] DEBUG nextflow.util.ThreadPoolManager - Thread pool 'PublishDir' shutdown completed (hard=false)
Mar-29 09:10:06.121 [main] DEBUG n.trace.WorkflowStatsObserver - Workflow completed > WorkflowStats[succeededCount=1; failedCount=0; ignoredCount=0; cachedCount=0; pendingCount=0; submittedCount=0; runningCount=0; retriesCount=0; abortedCount=0; succeedDuration=29.4s; failedDuration=0ms; cachedDuration=0ms;loadCpus=0; loadMemory=0; peakRunning=1; peakCpus=1; peakMemory=0; ]
Mar-29 09:10:06.224 [main] DEBUG nextflow.cache.CacheDB - Closing CacheDB done
Mar-29 09:10:06.241 [main] DEBUG nextflow.util.ThreadPoolManager - Thread pool 'FileTransfer' shutdown completed (hard=false)
Mar-29 09:10:06.241 [main] DEBUG nextflow.script.ScriptRunner - > Execution complete -- Goodbye
